<?xml version="1.0" encoding="UTF-8"?>
<testsuite xmlns:xsi="http://www.w3.org/2001/XMLSchema-instance" xsi:noNamespaceSchemaLocation="https://maven.apache.org/surefire/maven-surefire-plugin/xsd/surefire-test-report-3.0.xsd" version="3.0" name="unit_tests.SimulationGUITest" time="0.0" tests="1" errors="0" skipped="0" failures="0">
  <properties>
    <property name="java.specification.version" value="17"/>
    <property name="javafx.runtime.version" value="21+31"/>
    <property name="sun.cpu.isalist" value="amd64"/>
    <property name="sun.jnu.encoding" value="Cp1252"/>
    <property name="java.class.path" value="C:\Users\biank\Metropolia\ClimateConferenceSimulator\target\test-classes;C:\Users\biank\Metropolia\ClimateConferenceSimulator\target\classes;C:\Users\biank\.m2\repository\junit\junit\4.13.2\junit-4.13.2.jar;C:\Users\biank\.m2\repository\org\hamcrest\hamcrest-core\1.3\hamcrest-core-1.3.jar;C:\Users\biank\.m2\repository\org\openjfx\javafx-controls\21\javafx-controls-21.jar;C:\Users\biank\.m2\repository\org\openjfx\javafx-controls\21\javafx-controls-21-win.jar;C:\Users\biank\.m2\repository\org\openjfx\javafx-graphics\21\javafx-graphics-21.jar;C:\Users\biank\.m2\repository\org\openjfx\javafx-graphics\21\javafx-graphics-21-win.jar;C:\Users\biank\.m2\repository\org\openjfx\javafx-base\21\javafx-base-21.jar;C:\Users\biank\.m2\repository\org\openjfx\javafx-base\21\javafx-base-21-win.jar;C:\Users\biank\.m2\repository\org\openjfx\javafx-fxml\21\javafx-fxml-21.jar;C:\Users\biank\.m2\repository\org\openjfx\javafx-fxml\21\javafx-fxml-21-win.jar;C:\Users\biank\.m2\repository\org\openjfx\javafx-swing\17.0.2\javafx-swing-17.0.2.jar;C:\Users\biank\.m2\repository\org\openjfx\javafx-swing\17.0.2\javafx-swing-17.0.2-win.jar;C:\Users\biank\.m2\repository\org\mockito\mockito-core\4.0.0\mockito-core-4.0.0.jar;C:\Users\biank\.m2\repository\net\bytebuddy\byte-buddy\1.11.19\byte-buddy-1.11.19.jar;C:\Users\biank\.m2\repository\net\bytebuddy\byte-buddy-agent\1.11.19\byte-buddy-agent-1.11.19.jar;C:\Users\biank\.m2\repository\org\objenesis\objenesis\3.2\objenesis-3.2.jar;C:\Users\biank\.m2\repository\org\mongodb\mongodb-driver-sync\4.7.1\mongodb-driver-sync-4.7.1.jar;C:\Users\biank\.m2\repository\org\mongodb\bson\4.7.1\bson-4.7.1.jar;C:\Users\biank\.m2\repository\org\mongodb\mongodb-driver-core\4.7.1\mongodb-driver-core-4.7.1.jar;C:\Users\biank\.m2\repository\org\mongodb\bson-record-codec\4.7.1\bson-record-codec-4.7.1.jar;C:\Users\biank\.m2\repository\io\github\cdimascio\java-dotenv\5.2.2\java-dotenv-5.2.2.jar;C:\Users\biank\.m2\repository\org\jetbrains\kotlin\kotlin-stdlib\1.4.0\kotlin-stdlib-1.4.0.jar;C:\Users\biank\.m2\repository\org\jetbrains\kotlin\kotlin-stdlib-common\1.4.0\kotlin-stdlib-common-1.4.0.jar;C:\Users\biank\.m2\repository\org\jetbrains\annotations\13.0\annotations-13.0.jar;"/>
    <property name="sun.awt.enableExtraMouseButtons" value="true"/>
    <property name="java.vm.vendor" value="Eclipse Adoptium"/>
    <property name="sun.arch.data.model" value="64"/>
    <property name="user.variant" value=""/>
    <property name="java.vendor.url" value="https://adoptium.net/"/>
    <property name="user.timezone" value="Europe/Helsinki"/>
    <property name="user.country.format" value="FI"/>
    <property name="os.name" value="Windows 11"/>
    <property name="java.vm.specification.version" value="17"/>
    <property name="javafx.version" value="21"/>
    <property name="sun.java.launcher" value="SUN_STANDARD"/>
    <property name="user.country" value="GB"/>
    <property name="sun.boot.library.path" value="C:\Users\biank\Desktop\jdk-17.0.14+7\bin"/>
    <property name="sun.java.command" value="C:\Users\biank\AppData\Local\Temp\surefire18368201885854728010\surefirebooter-20250309213946984_3.jar C:\Users\biank\AppData\Local\Temp\surefire18368201885854728010 2025-03-09T21-39-46_698-jvmRun1 surefire-20250309213946984_1tmp surefire_0-20250309213946984_2tmp"/>
    <property name="jdk.debug" value="release"/>
    <property name="surefire.test.class.path" value="C:\Users\biank\Metropolia\ClimateConferenceSimulator\target\test-classes;C:\Users\biank\Metropolia\ClimateConferenceSimulator\target\classes;C:\Users\biank\.m2\repository\junit\junit\4.13.2\junit-4.13.2.jar;C:\Users\biank\.m2\repository\org\hamcrest\hamcrest-core\1.3\hamcrest-core-1.3.jar;C:\Users\biank\.m2\repository\org\openjfx\javafx-controls\21\javafx-controls-21.jar;C:\Users\biank\.m2\repository\org\openjfx\javafx-controls\21\javafx-controls-21-win.jar;C:\Users\biank\.m2\repository\org\openjfx\javafx-graphics\21\javafx-graphics-21.jar;C:\Users\biank\.m2\repository\org\openjfx\javafx-graphics\21\javafx-graphics-21-win.jar;C:\Users\biank\.m2\repository\org\openjfx\javafx-base\21\javafx-base-21.jar;C:\Users\biank\.m2\repository\org\openjfx\javafx-base\21\javafx-base-21-win.jar;C:\Users\biank\.m2\repository\org\openjfx\javafx-fxml\21\javafx-fxml-21.jar;C:\Users\biank\.m2\repository\org\openjfx\javafx-fxml\21\javafx-fxml-21-win.jar;C:\Users\biank\.m2\repository\org\openjfx\javafx-swing\17.0.2\javafx-swing-17.0.2.jar;C:\Users\biank\.m2\repository\org\openjfx\javafx-swing\17.0.2\javafx-swing-17.0.2-win.jar;C:\Users\biank\.m2\repository\org\mockito\mockito-core\4.0.0\mockito-core-4.0.0.jar;C:\Users\biank\.m2\repository\net\bytebuddy\byte-buddy\1.11.19\byte-buddy-1.11.19.jar;C:\Users\biank\.m2\repository\net\bytebuddy\byte-buddy-agent\1.11.19\byte-buddy-agent-1.11.19.jar;C:\Users\biank\.m2\repository\org\objenesis\objenesis\3.2\objenesis-3.2.jar;C:\Users\biank\.m2\repository\org\mongodb\mongodb-driver-sync\4.7.1\mongodb-driver-sync-4.7.1.jar;C:\Users\biank\.m2\repository\org\mongodb\bson\4.7.1\bson-4.7.1.jar;C:\Users\biank\.m2\repository\org\mongodb\mongodb-driver-core\4.7.1\mongodb-driver-core-4.7.1.jar;C:\Users\biank\.m2\repository\org\mongodb\bson-record-codec\4.7.1\bson-record-codec-4.7.1.jar;C:\Users\biank\.m2\repository\io\github\cdimascio\java-dotenv\5.2.2\java-dotenv-5.2.2.jar;C:\Users\biank\.m2\repository\org\jetbrains\kotlin\kotlin-stdlib\1.4.0\kotlin-stdlib-1.4.0.jar;C:\Users\biank\.m2\repository\org\jetbrains\kotlin\kotlin-stdlib-common\1.4.0\kotlin-stdlib-common-1.4.0.jar;C:\Users\biank\.m2\repository\org\jetbrains\annotations\13.0\annotations-13.0.jar;"/>
    <property name="sun.cpu.endian" value="little"/>
    <property name="user.home" value="C:\Users\biank"/>
    <property name="user.language" value="en"/>
    <property name="java.specification.vendor" value="Oracle Corporation"/>
    <property name="java.version.date" value="2025-01-21"/>
    <property name="java.home" value="C:\Users\biank\Desktop\jdk-17.0.14+7"/>
    <property name="file.separator" value="\"/>
    <property name="basedir" value="C:\Users\biank\Metropolia\ClimateConferenceSimulator"/>
    <property name="java.vm.compressedOopsMode" value="Zero based"/>
    <property name="line.separator" value="&#10;"/>
    <property name="java.vm.specification.vendor" value="Oracle Corporation"/>
    <property name="java.specification.name" value="Java Platform API Specification"/>
    <property name="surefire.real.class.path" value="C:\Users\biank\AppData\Local\Temp\surefire18368201885854728010\surefirebooter-20250309213946984_3.jar"/>
    <property name="user.script" value=""/>
    <property name="sun.management.compiler" value="HotSpot 64-Bit Tiered Compilers"/>
    <property name="java.runtime.version" value="17.0.14+7"/>
    <property name="user.name" value="biank"/>
    <property name="path.separator" value=";"/>
    <property name="os.version" value="10.0"/>
    <property name="java.runtime.name" value="OpenJDK Runtime Environment"/>
    <property name="file.encoding" value="Cp1252"/>
    <property name="java.vm.name" value="OpenJDK 64-Bit Server VM"/>
    <property name="java.vendor.version" value="Temurin-17.0.14+7"/>
    <property name="localRepository" value="C:\Users\biank\.m2\repository"/>
    <property name="java.vendor.url.bug" value="https://github.com/adoptium/adoptium-support/issues"/>
    <property name="java.io.tmpdir" value="C:\Users\biank\AppData\Local\Temp\"/>
    <property name="java.version" value="17.0.14"/>
    <property name="user.dir" value="C:\Users\biank\Metropolia\ClimateConferenceSimulator"/>
    <property name="os.arch" value="amd64"/>
    <property name="java.vm.specification.name" value="Java Virtual Machine Specification"/>
    <property name="sun.os.patch.level" value=""/>
    <property name="native.encoding" value="Cp1252"/>
    <property name="java.library.path" value="C:\Users\biank\Desktop\jdk-17.0.14+7\bin;C:\WINDOWS\Sun\Java\bin;C:\WINDOWS\system32;C:\WINDOWS;C:\Program Files\Git\mingw64\bin;C:\Program Files\Git\usr\bin;C:\Users\biank\bin;C:\Users\biank\Desktop\jdk-17.0.14+7\bin;C:\Maven\apache-maven-3.9.9\bin;C:\Users\biank\Desktop\jdk-17.0.14+7\bin;C:\Maven\apache-maven-3.9.9\bin;C:\Users\biank\AppData\Local\Programs\Microsoft VS Code\bin;."/>
    <property name="java.vm.info" value="mixed mode, sharing"/>
    <property name="java.vendor" value="Eclipse Adoptium"/>
    <property name="java.vm.version" value="17.0.14+7"/>
    <property name="java.specification.maintenance.version" value="1"/>
    <property name="sun.io.unicode.encoding" value="UnicodeLittle"/>
    <property name="java.class.version" value="61.0"/>
  </properties>
  <testcase name="testUpdateStatusLabel" classname="unit_tests.SimulationGUITest" time="0.0"/>
</testsuite>